2025-12-04 17:03:16,296 | INFO | etl | Generating mock claims data: n_rows=2000, dup_fraction=0.05, missing_fraction=0.03, invalid_fraction=0.03
2025-12-04 17:03:16,327 | INFO | etl | Injected 100 duplicate rows
2025-12-04 17:03:16,340 | INFO | etl | Injected ~630 missing cells
2025-12-04 17:03:16,383 | INFO | etl | Raw data saved to C:\Users\tanuj\OneDrive\Desktop\ai-hackathon\output\claims_raw.csv
2025-12-04 17:03:16,385 | INFO | etl | Running basic transforms on dataframe
2025-12-04 17:03:16,422 | INFO | etl | Processed data saved to C:\Users\tanuj\OneDrive\Desktop\ai-hackathon\output\claims_processed.csv
2025-12-04 17:03:16,424 | INFO | pipeline | Running duplicate check...
2025-12-04 17:03:16,426 | INFO | anomaly_detector | Detecting duplicates on subset=['claim_id']
2025-12-04 17:03:16,436 | INFO | pipeline | Running missing value check...
2025-12-04 17:03:16,439 | INFO | anomaly_detector | Detecting rows with missing values
2025-12-04 17:03:16,458 | INFO | pipeline | Running invalid format check...
2025-12-04 17:03:16,459 | INFO | anomaly_detector | Detecting invalid ZIP and DOB formats
2025-12-04 17:03:16,494 | INFO | pipeline | Running IQR outlier check...
2025-12-04 17:03:16,497 | INFO | anomaly_detector | Detecting outliers using IQR on column=claim_amount
2025-12-04 17:03:16,509 | INFO | pipeline | Running IsolationForest anomaly check...
2025-12-04 17:03:16,510 | INFO | anomaly_detector | Running IsolationForest on features=['claim_amount', 'doctor_id', 'patient_id'], contamination=0.030
2025-12-04 17:03:16,970 | INFO | anomaly_detector | Building summary of detected issues
2025-12-04 17:03:16,974 | INFO | pipeline | Pipeline complete. Summary:
                   issue_type  row_count
0                  duplicates        250
1              missing_values        549
2             invalid_formats        166
3                outliers_iqr         77
4  anomalies_isolation_forest         58
2025-12-04 17:36:24,287 | INFO | etl | Generating mock claims data: n_rows=2000, dup_fraction=0.05, missing_fraction=0.03, invalid_fraction=0.03
2025-12-04 17:36:24,306 | INFO | etl | Injected 100 duplicate rows
2025-12-04 17:36:24,318 | INFO | etl | Injected ~630 missing cells
2025-12-04 17:36:24,338 | INFO | etl | Raw data saved to C:\Users\tanuj\OneDrive\Desktop\ai-hackathon\output\claims_raw.csv
2025-12-04 17:36:24,338 | INFO | etl | Running basic transforms on dataframe
2025-12-04 17:36:24,355 | INFO | etl | Processed data saved to C:\Users\tanuj\OneDrive\Desktop\ai-hackathon\output\claims_processed.csv
2025-12-04 17:36:24,358 | INFO | pipeline | Running duplicate check...
2025-12-04 17:36:24,358 | INFO | anomaly_detector | Detecting duplicates on subset=['claim_id']
2025-12-04 17:36:24,363 | INFO | pipeline | Running missing value check...
2025-12-04 17:36:24,364 | INFO | anomaly_detector | Detecting rows with missing values
2025-12-04 17:36:24,373 | INFO | pipeline | Running invalid format check...
2025-12-04 17:36:24,373 | INFO | anomaly_detector | Detecting invalid ZIP and DOB formats
2025-12-04 17:36:24,398 | INFO | pipeline | Running IQR outlier check...
2025-12-04 17:36:24,399 | INFO | anomaly_detector | Detecting outliers using IQR on column=claim_amount
2025-12-04 17:36:24,404 | INFO | pipeline | Running IsolationForest anomaly check...
2025-12-04 17:36:24,404 | INFO | anomaly_detector | Running IsolationForest on features=['claim_amount', 'doctor_id', 'patient_id'], contamination=0.030
2025-12-04 17:36:24,536 | INFO | anomaly_detector | Building summary of detected issues
2025-12-04 17:36:24,538 | INFO | pipeline | Pipeline complete. Summary:
                   issue_type  row_count
0                  duplicates        250
1              missing_values        549
2             invalid_formats       2100
3                outliers_iqr         77
4  anomalies_isolation_forest         58
2025-12-04 17:36:24,546 | INFO | pipeline | Building severity report...
2025-12-04 17:36:24,546 | INFO | anomaly_detector | Building summary of detected issues
2025-12-04 17:36:24,547 | INFO | anomaly_detector | Built severity report:
                   issue_type  row_count severity_label  severity_score  total_severity_score
0                  duplicates        250           High               3                   750
1              missing_values        549         Medium               2                  1098
2             invalid_formats       2100           High               3                  6300
3                outliers_iqr         77         Medium               2                   154
4  anomalies_isolation_forest         58       Critical               4                   232
2025-12-04 17:36:24,557 | INFO | pipeline | Severity report:
                   issue_type  row_count severity_label  severity_score  total_severity_score
0                  duplicates        250           High               3                   750
1              missing_values        549         Medium               2                  1098
2             invalid_formats       2100           High               3                  6300
3                outliers_iqr         77         Medium               2                   154
4  anomalies_isolation_forest         58       Critical               4                   232
2025-12-04 17:36:24,567 | INFO | pipeline | Training and running reason classifier (Logistic Regression)...
2025-12-04 17:36:24,567 | INFO | anomaly_detector | Building per-row issue labels for classifier
2025-12-04 17:36:24,571 | INFO | anomaly_detector | Training LogisticRegression reason classifier on 1904 samples, features=['claim_amount', 'doctor_id', 'patient_id']
2025-12-04 17:36:24,637 | INFO | anomaly_detector | Generated 1904 reason predictions
2025-12-04 17:36:24,643 | INFO | pipeline | Saved 1904 reason classifier predictions to C:\Users\tanuj\OneDrive\Desktop\ai-hackathon\output\reason_classifier_predictions.csv
2025-12-04 17:44:45,546 | INFO | etl | Generating mock claims data: n_rows=2000, dup_fraction=0.05, missing_fraction=0.03, invalid_fraction=0.03
2025-12-04 17:44:45,598 | INFO | etl | Injected 100 duplicate rows
2025-12-04 17:44:45,628 | INFO | etl | Injected ~630 missing cells
2025-12-04 17:44:45,694 | INFO | etl | Raw data saved to C:\Users\tanuj\OneDrive\Desktop\ai-hackathon\output\claims_raw.csv
2025-12-04 17:44:45,698 | INFO | etl | Running basic transforms on dataframe
2025-12-04 17:44:45,737 | INFO | etl | Processed data saved to C:\Users\tanuj\OneDrive\Desktop\ai-hackathon\output\claims_processed.csv
2025-12-04 17:44:45,744 | INFO | pipeline | Running duplicate check...
2025-12-04 17:44:45,748 | INFO | anomaly_detector | Detecting duplicates on subset=['claim_id']
2025-12-04 17:44:45,766 | INFO | pipeline | Running missing value check...
2025-12-04 17:44:45,768 | INFO | anomaly_detector | Detecting rows with missing values
2025-12-04 17:44:45,780 | INFO | pipeline | Running invalid format check...
2025-12-04 17:44:45,790 | INFO | anomaly_detector | Detecting invalid ZIP and DOB formats
2025-12-04 17:44:45,857 | INFO | pipeline | Running IQR outlier check...
2025-12-04 17:44:45,857 | INFO | anomaly_detector | Detecting outliers using IQR on column=claim_amount
2025-12-04 17:44:45,867 | INFO | pipeline | Running IsolationForest anomaly check...
2025-12-04 17:44:45,869 | INFO | anomaly_detector | Running IsolationForest on features=['claim_amount', 'doctor_id', 'patient_id'], contamination=0.030
2025-12-04 17:44:46,202 | INFO | anomaly_detector | Building summary of detected issues
2025-12-04 17:44:46,205 | INFO | pipeline | Pipeline complete. Summary:
                   issue_type  row_count
0                  duplicates        250
1              missing_values        549
2             invalid_formats       2100
3                outliers_iqr         77
4  anomalies_isolation_forest         58
2025-12-04 17:44:46,215 | INFO | pipeline | Building severity report...
2025-12-04 17:44:46,215 | INFO | anomaly_detector | Building summary of detected issues
2025-12-04 17:44:46,218 | INFO | anomaly_detector | Built severity report:
                   issue_type  row_count severity_label  severity_score  total_severity_score
0                  duplicates        250           High               3                   750
1              missing_values        549         Medium               2                  1098
2             invalid_formats       2100           High               3                  6300
3                outliers_iqr         77         Medium               2                   154
4  anomalies_isolation_forest         58       Critical               4                   232
2025-12-04 17:44:46,234 | INFO | pipeline | Severity report:
                   issue_type  row_count severity_label  severity_score  total_severity_score
0                  duplicates        250           High               3                   750
1              missing_values        549         Medium               2                  1098
2             invalid_formats       2100           High               3                  6300
3                outliers_iqr         77         Medium               2                   154
4  anomalies_isolation_forest         58       Critical               4                   232
2025-12-04 17:44:46,246 | INFO | pipeline | Training and running reason classifier (Logistic Regression)...
2025-12-04 17:44:46,249 | INFO | anomaly_detector | Building per-row issue labels for classifier
2025-12-04 17:44:46,256 | INFO | anomaly_detector | Training LogisticRegression reason classifier on 1904 samples, features=['claim_amount', 'doctor_id', 'patient_id']
2025-12-04 17:44:46,383 | INFO | anomaly_detector | Generated 1904 reason predictions
2025-12-04 17:44:46,393 | INFO | pipeline | Saved 1904 reason classifier predictions to C:\Users\tanuj\OneDrive\Desktop\ai-hackathon\output\reason_classifier_predictions.csv
2025-12-04 17:51:26,605 | INFO | etl | Generating mock claims data: n_rows=2000, dup_fraction=0.05, missing_fraction=0.03, invalid_fraction=0.03
2025-12-04 17:51:26,629 | INFO | etl | Injected 100 duplicate rows
2025-12-04 17:51:26,643 | INFO | etl | Injected ~630 missing cells
2025-12-04 17:51:26,664 | INFO | etl | Raw data saved to C:\Users\tanuj\OneDrive\Desktop\ai-hackathon\output\claims_raw.csv
2025-12-04 17:51:26,665 | INFO | etl | Running basic transforms on dataframe
2025-12-04 17:51:26,686 | INFO | etl | Processed data saved to C:\Users\tanuj\OneDrive\Desktop\ai-hackathon\output\claims_processed.csv
2025-12-04 17:51:26,689 | INFO | pipeline | Running duplicate check...
2025-12-04 17:51:26,689 | INFO | anomaly_detector | Detecting duplicates on subset=['claim_id']
2025-12-04 17:51:26,696 | INFO | pipeline | Running missing value check...
2025-12-04 17:51:26,696 | INFO | anomaly_detector | Detecting rows with missing values
2025-12-04 17:51:26,706 | INFO | pipeline | Running invalid format check...
2025-12-04 17:51:26,706 | INFO | anomaly_detector | Detecting invalid ZIP and DOB formats
2025-12-04 17:51:26,726 | INFO | pipeline | Running IQR outlier check...
2025-12-04 17:51:26,727 | INFO | anomaly_detector | Detecting outliers using IQR on column=claim_amount
2025-12-04 17:51:26,735 | INFO | pipeline | Running IsolationForest anomaly check...
2025-12-04 17:51:26,736 | INFO | anomaly_detector | Running IsolationForest on features=['claim_amount', 'doctor_id', 'patient_id'], contamination=0.030
2025-12-04 17:51:26,893 | INFO | anomaly_detector | Building summary of detected issues
2025-12-04 17:51:26,895 | INFO | pipeline | Pipeline complete. Summary:
                   issue_type  row_count
0                  duplicates        250
1              missing_values        549
2             invalid_formats        166
3                outliers_iqr         77
4  anomalies_isolation_forest         58
2025-12-04 17:51:26,902 | INFO | pipeline | Building severity report...
2025-12-04 17:51:26,902 | INFO | anomaly_detector | Building summary of detected issues
2025-12-04 17:51:26,904 | INFO | anomaly_detector | Built severity report:
                   issue_type  row_count severity_label  severity_score  total_severity_score
0                  duplicates        250           High               3                   750
1              missing_values        549         Medium               2                  1098
2             invalid_formats        166           High               3                   498
3                outliers_iqr         77         Medium               2                   154
4  anomalies_isolation_forest         58       Critical               4                   232
2025-12-04 17:51:26,914 | INFO | pipeline | Severity report:
                   issue_type  row_count severity_label  severity_score  total_severity_score
0                  duplicates        250           High               3                   750
1              missing_values        549         Medium               2                  1098
2             invalid_formats        166           High               3                   498
3                outliers_iqr         77         Medium               2                   154
4  anomalies_isolation_forest         58       Critical               4                   232
2025-12-04 17:51:26,922 | INFO | pipeline | Training and running reason classifier (Logistic Regression)...
2025-12-04 17:51:26,922 | INFO | anomaly_detector | Building per-row issue labels for classifier
2025-12-04 17:51:26,927 | INFO | anomaly_detector | Training LogisticRegression reason classifier on 1904 samples, features=['claim_amount', 'doctor_id', 'patient_id']
2025-12-04 17:51:27,317 | INFO | anomaly_detector | Generated 1904 reason predictions
2025-12-04 17:51:27,322 | INFO | pipeline | Saved 1904 reason classifier predictions to C:\Users\tanuj\OneDrive\Desktop\ai-hackathon\output\reason_classifier_predictions.csv
2025-12-04 18:03:09,199 | INFO | etl | Generating mock claims data: n_rows=2000, dup_fraction=0.05, missing_fraction=0.03, invalid_fraction=0.03
2025-12-04 18:03:09,222 | INFO | etl | Injected 100 duplicate rows
2025-12-04 18:03:09,235 | INFO | etl | Injected ~630 missing cells
2025-12-04 18:03:09,256 | INFO | etl | Raw data saved to C:\Users\tanuj\OneDrive\Desktop\ai-hackathon\output\claims_raw.csv
2025-12-04 18:03:09,256 | INFO | etl | Running basic transforms on dataframe
2025-12-04 18:03:09,277 | INFO | etl | Processed data saved to C:\Users\tanuj\OneDrive\Desktop\ai-hackathon\output\claims_processed.csv
2025-12-04 18:03:09,279 | INFO | pipeline | Running duplicate check...
2025-12-04 18:03:09,279 | INFO | anomaly_detector | Detecting duplicates on subset=['claim_id']
2025-12-04 18:03:09,287 | INFO | pipeline | Running missing value check...
2025-12-04 18:03:09,289 | INFO | anomaly_detector | Detecting rows with missing values
2025-12-04 18:03:09,296 | INFO | pipeline | Running invalid format check...
2025-12-04 18:03:09,297 | INFO | anomaly_detector | Detecting invalid ZIP and DOB formats
2025-12-04 18:03:09,319 | INFO | pipeline | Running IQR outlier check...
2025-12-04 18:03:09,320 | INFO | anomaly_detector | Detecting outliers using IQR on column=claim_amount
2025-12-04 18:03:09,328 | INFO | pipeline | Running IsolationForest anomaly check...
2025-12-04 18:03:09,330 | INFO | anomaly_detector | Running IsolationForest on features=['claim_amount', 'doctor_id', 'patient_id'], contamination=0.030
2025-12-04 18:03:09,474 | INFO | anomaly_detector | Building summary of detected issues
2025-12-04 18:03:09,477 | INFO | pipeline | Pipeline complete. Summary:
                   issue_type  row_count
0                  duplicates        250
1              missing_values        549
2             invalid_formats        166
3                outliers_iqr         77
4  anomalies_isolation_forest         58
2025-12-04 18:03:09,483 | INFO | pipeline | Building severity report...
2025-12-04 18:03:09,484 | INFO | anomaly_detector | Building summary of detected issues
2025-12-04 18:03:09,485 | INFO | anomaly_detector | Built severity report:
                   issue_type  row_count severity_label  severity_score  total_severity_score
0                  duplicates        250           High               3                   750
1              missing_values        549         Medium               2                  1098
2             invalid_formats        166           High               3                   498
3                outliers_iqr         77         Medium               2                   154
4  anomalies_isolation_forest         58       Critical               4                   232
2025-12-04 18:03:09,496 | INFO | pipeline | Severity report:
                   issue_type  row_count severity_label  severity_score  total_severity_score
0                  duplicates        250           High               3                   750
1              missing_values        549         Medium               2                  1098
2             invalid_formats        166           High               3                   498
3                outliers_iqr         77         Medium               2                   154
4  anomalies_isolation_forest         58       Critical               4                   232
2025-12-04 18:03:09,503 | INFO | pipeline | Training and running reason classifier (Logistic Regression)...
2025-12-04 18:03:09,503 | INFO | anomaly_detector | Building per-row issue labels for classifier
2025-12-04 18:03:09,507 | INFO | anomaly_detector | Balancing dataset for reason classifier
2025-12-04 18:03:09,510 | INFO | anomaly_detector | Training on balanced dataset: 576 normal vs 576 anomaly rows
2025-12-04 18:03:09,889 | INFO | anomaly_detector | Generated 1904 reason predictions
2025-12-04 18:03:09,899 | INFO | pipeline | Saved 1904 reason classifier predictions to C:\Users\tanuj\OneDrive\Desktop\ai-hackathon\output\reason_classifier_predictions.csv
2025-12-04 18:13:28,159 | INFO | etl | Generating mock claims data: n_rows=2000, dup_fraction=0.05, missing_fraction=0.03, invalid_fraction=0.03
2025-12-04 18:13:28,182 | INFO | etl | Injected 100 duplicate rows
2025-12-04 18:13:28,195 | INFO | etl | Injected ~630 missing cells
2025-12-04 18:13:28,212 | INFO | etl | Raw data saved to C:\Users\tanuj\OneDrive\Desktop\ai-hackathon\output\claims_raw.csv
2025-12-04 18:13:28,213 | INFO | etl | Running basic transforms on dataframe
2025-12-04 18:13:28,233 | INFO | etl | Processed data saved to C:\Users\tanuj\OneDrive\Desktop\ai-hackathon\output\claims_processed.csv
2025-12-04 18:13:28,256 | INFO | pipeline | Running duplicate check...
2025-12-04 18:13:28,256 | INFO | anomaly_detector | Detecting duplicates on subset=['claim_id']
2025-12-04 18:13:28,261 | INFO | pipeline | Running missing value check...
2025-12-04 18:13:28,262 | INFO | anomaly_detector | Detecting rows with missing values
2025-12-04 18:13:28,268 | INFO | pipeline | Running invalid format check...
2025-12-04 18:13:28,269 | INFO | anomaly_detector | Detecting invalid ZIP and DOB formats
2025-12-04 18:13:28,288 | INFO | pipeline | Running IQR outlier check...
2025-12-04 18:13:28,288 | INFO | anomaly_detector | Detecting outliers using IQR on column=claim_amount
2025-12-04 18:13:28,297 | INFO | pipeline | Running IsolationForest anomaly check...
2025-12-04 18:13:28,297 | INFO | anomaly_detector | Running IsolationForest on features=['claim_amount', 'doctor_id', 'patient_id'], contamination=0.030
2025-12-04 18:13:28,440 | INFO | anomaly_detector | Building summary of detected issues
2025-12-04 18:13:28,442 | INFO | pipeline | Pipeline complete. Summary:
                   issue_type  row_count
0                  duplicates        250
1              missing_values        549
2             invalid_formats        166
3                outliers_iqr         77
4  anomalies_isolation_forest         58
2025-12-04 18:13:28,448 | INFO | pipeline | Building severity report...
2025-12-04 18:13:28,449 | INFO | anomaly_detector | Building summary of detected issues
2025-12-04 18:13:28,451 | INFO | anomaly_detector | Built severity report:
                   issue_type  row_count severity_label  severity_score  total_severity_score
0                  duplicates        250           High               3                   750
1              missing_values        549         Medium               2                  1098
2             invalid_formats        166           High               3                   498
3                outliers_iqr         77         Medium               2                   154
4  anomalies_isolation_forest         58       Critical               4                   232
2025-12-04 18:13:28,464 | INFO | pipeline | Severity report:
                   issue_type  row_count severity_label  severity_score  total_severity_score
0                  duplicates        250           High               3                   750
1              missing_values        549         Medium               2                  1098
2             invalid_formats        166           High               3                   498
3                outliers_iqr         77         Medium               2                   154
4  anomalies_isolation_forest         58       Critical               4                   232
2025-12-04 18:13:28,478 | INFO | pipeline | Training and running reason classifier (Logistic Regression)...
2025-12-04 18:13:28,478 | INFO | anomaly_detector | Building per-row issue labels for classifier
2025-12-04 18:13:28,483 | INFO | anomaly_detector | Balancing dataset for reason classifier
2025-12-04 18:13:28,485 | INFO | anomaly_detector | Training on balanced dataset: 576 normal vs 576 anomaly rows
2025-12-04 18:13:28,945 | INFO | anomaly_detector | Generated 1904 reason predictions
2025-12-04 18:13:28,952 | INFO | pipeline | Saved 1904 reason classifier predictions to C:\Users\tanuj\OneDrive\Desktop\ai-hackathon\output\reason_classifier_predictions.csv
2025-12-04 18:17:59,539 | INFO | etl | Generating mock claims data: n_rows=2000, dup_fraction=0.05, missing_fraction=0.03, invalid_fraction=0.03
2025-12-04 18:17:59,559 | INFO | etl | Injected 100 duplicate rows
2025-12-04 18:17:59,573 | INFO | etl | Injected ~630 missing cells
2025-12-04 18:17:59,594 | INFO | etl | Raw data saved to C:\Users\tanuj\OneDrive\Desktop\ai-hackathon\output\claims_raw.csv
2025-12-04 18:17:59,595 | INFO | etl | Running basic transforms on dataframe
2025-12-04 18:17:59,617 | INFO | etl | Processed data saved to C:\Users\tanuj\OneDrive\Desktop\ai-hackathon\output\claims_processed.csv
2025-12-04 18:17:59,644 | INFO | pipeline | Running duplicate check...
2025-12-04 18:17:59,645 | INFO | anomaly_detector | Detecting duplicates on subset=['claim_id']
2025-12-04 18:17:59,650 | INFO | pipeline | Running missing value check...
2025-12-04 18:17:59,651 | INFO | anomaly_detector | Detecting missing values
2025-12-04 18:17:59,658 | INFO | pipeline | Running invalid format check...
2025-12-04 18:17:59,659 | INFO | anomaly_detector | Detecting invalid ZIP and DOB formats
2025-12-04 18:17:59,684 | INFO | pipeline | Running IQR outlier check...
2025-12-04 18:17:59,684 | INFO | anomaly_detector | Detecting outliers using IQR
2025-12-04 18:17:59,693 | INFO | pipeline | Running IsolationForest anomaly check...
2025-12-04 18:17:59,694 | INFO | anomaly_detector | Running IsolationForest anomaly detection
2025-12-04 18:17:59,841 | INFO | pipeline | Pipeline complete. Summary:
                   issue_type  row_count
0                  duplicates        250
1              missing_values        549
2             invalid_formats        166
3                outliers_iqr         77
4  anomalies_isolation_forest         58
2025-12-04 18:17:59,851 | INFO | pipeline | Building severity report...
2025-12-04 18:17:59,854 | INFO | pipeline | Severity report:
                   issue_type  row_count severity_label  severity_score  total_severity_score
0                  duplicates        250           High               3                   750
1              missing_values        549         Medium               2                  1098
2             invalid_formats        166           High               3                   498
3                outliers_iqr         77         Medium               2                   154
4  anomalies_isolation_forest         58       Critical               4                   232
2025-12-04 18:17:59,863 | INFO | pipeline | Training and running reason classifier (Logistic Regression)...
2025-12-04 18:19:06,700 | INFO | etl | Generating mock claims data: n_rows=2000, dup_fraction=0.05, missing_fraction=0.03, invalid_fraction=0.03
2025-12-04 18:19:06,712 | INFO | etl | Injected 100 duplicate rows
2025-12-04 18:19:06,724 | INFO | etl | Injected ~630 missing cells
2025-12-04 18:19:06,740 | INFO | etl | Raw data saved to C:\Users\tanuj\OneDrive\Desktop\ai-hackathon\output\claims_raw.csv
2025-12-04 18:19:06,741 | INFO | etl | Running basic transforms on dataframe
2025-12-04 18:19:06,759 | INFO | etl | Processed data saved to C:\Users\tanuj\OneDrive\Desktop\ai-hackathon\output\claims_processed.csv
2025-12-04 18:19:06,778 | INFO | pipeline | Running duplicate check...
2025-12-04 18:19:06,779 | INFO | anomaly_detector | Detecting duplicates on subset=['claim_id']
2025-12-04 18:19:06,784 | INFO | pipeline | Running missing value check...
2025-12-04 18:19:06,784 | INFO | anomaly_detector | Detecting missing values
2025-12-04 18:19:06,792 | INFO | pipeline | Running invalid format check...
2025-12-04 18:19:06,792 | INFO | anomaly_detector | Detecting invalid ZIP and DOB formats
2025-12-04 18:19:06,810 | INFO | pipeline | Running IQR outlier check...
2025-12-04 18:19:06,810 | INFO | anomaly_detector | Detecting outliers using IQR
2025-12-04 18:19:06,816 | INFO | pipeline | Running IsolationForest anomaly check...
2025-12-04 18:19:06,816 | INFO | anomaly_detector | Running IsolationForest anomaly detection
2025-12-04 18:19:06,953 | INFO | pipeline | Pipeline complete. Summary:
                   issue_type  row_count
0                  duplicates        250
1              missing_values        549
2             invalid_formats        166
3                outliers_iqr         77
4  anomalies_isolation_forest         58
2025-12-04 18:19:06,959 | INFO | pipeline | Building severity report...
2025-12-04 18:19:06,962 | INFO | pipeline | Severity report:
                   issue_type  row_count severity_label  severity_score  total_severity_score
0                  duplicates        250           High               3                   750
1              missing_values        549         Medium               2                  1098
2             invalid_formats        166           High               3                   498
3                outliers_iqr         77         Medium               2                   154
4  anomalies_isolation_forest         58       Critical               4                   232
2025-12-04 18:23:15,085 | INFO | etl | Generating mock claims data: n_rows=2000, dup_fraction=0.05, missing_fraction=0.03, invalid_fraction=0.03
2025-12-04 18:23:15,104 | INFO | etl | Injected 100 duplicate rows
2025-12-04 18:23:15,115 | INFO | etl | Injected ~630 missing cells
2025-12-04 18:23:15,134 | INFO | etl | Raw data saved to C:\Users\tanuj\OneDrive\Desktop\ai-hackathon\output\claims_raw.csv
2025-12-04 18:23:15,134 | INFO | etl | Running basic transforms on dataframe
2025-12-04 18:23:15,155 | INFO | etl | Processed data saved to C:\Users\tanuj\OneDrive\Desktop\ai-hackathon\output\claims_processed.csv
2025-12-04 18:23:15,180 | INFO | pipeline | Running duplicate check...
2025-12-04 18:23:15,180 | INFO | anomaly_detector | Detecting duplicates on subset=['claim_id']
2025-12-04 18:23:15,184 | INFO | pipeline | Running missing value check...
2025-12-04 18:23:15,185 | INFO | anomaly_detector | Detecting missing values
2025-12-04 18:23:15,191 | INFO | pipeline | Running invalid format check...
2025-12-04 18:23:15,192 | INFO | anomaly_detector | Detecting invalid ZIP and DOB formats
2025-12-04 18:23:15,213 | INFO | pipeline | Running IQR outlier check...
2025-12-04 18:23:15,256 | INFO | anomaly_detector | Detecting outliers using IQR
2025-12-04 18:23:15,264 | INFO | pipeline | Running IsolationForest anomaly check...
2025-12-04 18:23:15,264 | INFO | anomaly_detector | Running IsolationForest anomaly detection
2025-12-04 18:23:15,416 | INFO | pipeline | Pipeline complete. Summary:
                   issue_type  row_count
0                  duplicates        250
1              missing_values        549
2             invalid_formats        166
3                outliers_iqr         77
4  anomalies_isolation_forest         58
2025-12-04 18:23:15,422 | INFO | pipeline | Building severity report...
2025-12-04 18:23:15,424 | INFO | pipeline | Severity report:
                   issue_type  row_count severity_label  severity_score  total_severity_score
0                  duplicates        250           High               3                   750
1              missing_values        549         Medium               2                  1098
2             invalid_formats        166           High               3                   498
3                outliers_iqr         77         Medium               2                   154
4  anomalies_isolation_forest         58       Critical               4                   232
2025-12-04 18:30:37,848 | INFO | etl | Generating mock claims data: n_rows=2000, dup_fraction=0.05, missing_fraction=0.03, invalid_fraction=0.03
2025-12-04 18:30:37,884 | INFO | etl | Injected 100 duplicate rows
2025-12-04 18:30:37,896 | INFO | etl | Injected ~630 missing cells
2025-12-04 18:30:37,919 | INFO | etl | Raw data saved to C:\Users\tanuj\OneDrive\Desktop\ai-hackathon\output\claims_raw.csv
2025-12-04 18:30:37,920 | INFO | etl | Running basic transforms on dataframe
2025-12-04 18:30:37,959 | INFO | etl | Processed data saved to C:\Users\tanuj\OneDrive\Desktop\ai-hackathon\output\claims_processed.csv
2025-12-04 18:30:38,007 | INFO | pipeline | Running duplicate check...
2025-12-04 18:30:38,008 | INFO | anomaly_detector | Detecting duplicates on subset=['claim_id']
2025-12-04 18:30:38,018 | INFO | pipeline | Running missing value check...
2025-12-04 18:30:38,021 | INFO | anomaly_detector | Detecting missing values
2025-12-04 18:30:38,030 | INFO | pipeline | Running invalid format check...
2025-12-04 18:30:38,031 | INFO | anomaly_detector | Detecting invalid ZIP and DOB formats
2025-12-04 18:30:38,054 | INFO | pipeline | Running IQR outlier check...
2025-12-04 18:30:38,055 | INFO | anomaly_detector | Detecting outliers using IQR
2025-12-04 18:30:38,063 | INFO | pipeline | Running IsolationForest anomaly check...
2025-12-04 18:30:38,064 | INFO | anomaly_detector | Running IsolationForest anomaly detection
2025-12-04 18:30:38,215 | INFO | pipeline | Pipeline complete. Summary:
                   issue_type  row_count
0                  duplicates        250
1              missing_values        549
2             invalid_formats        166
3                outliers_iqr         77
4  anomalies_isolation_forest         58
2025-12-04 18:30:38,224 | INFO | pipeline | Building severity report...
2025-12-04 18:30:38,229 | INFO | pipeline | Severity report:
                   issue_type  row_count severity_label  severity_score  total_severity_score
0                  duplicates        250           High               3                   750
1              missing_values        549         Medium               2                  1098
2             invalid_formats        166           High               3                   498
3                outliers_iqr         77         Medium               2                   154
4  anomalies_isolation_forest         58       Critical               4                   232
2025-12-04 18:34:49,313 | INFO | etl | Generating mock claims data: n_rows=2000, dup_fraction=0.05, missing_fraction=0.03, invalid_fraction=0.03
2025-12-04 18:34:49,370 | INFO | etl | Injected 100 duplicate rows
2025-12-04 18:34:49,382 | INFO | etl | Injected ~630 missing cells
2025-12-04 18:34:49,402 | INFO | etl | Raw data saved to C:\Users\tanuj\OneDrive\Desktop\ai-hackathon\output\claims_raw.csv
2025-12-04 18:34:49,403 | INFO | etl | Running basic transforms on dataframe
2025-12-04 18:34:49,419 | INFO | etl | Processed data saved to C:\Users\tanuj\OneDrive\Desktop\ai-hackathon\output\claims_processed.csv
2025-12-04 18:34:49,440 | INFO | pipeline | Running duplicate check...
2025-12-04 18:34:49,441 | INFO | anomaly_detector | Detecting duplicates on subset=['claim_id']
2025-12-04 18:34:49,445 | INFO | pipeline | Running missing value check...
2025-12-04 18:34:49,445 | INFO | anomaly_detector | Detecting missing values
2025-12-04 18:34:49,453 | INFO | pipeline | Running invalid format check...
2025-12-04 18:34:49,453 | INFO | anomaly_detector | Detecting invalid ZIP and DOB formats
2025-12-04 18:34:49,470 | INFO | pipeline | Running IQR outlier check...
2025-12-04 18:34:49,471 | INFO | anomaly_detector | Detecting outliers using IQR
2025-12-04 18:34:49,478 | INFO | pipeline | Running IsolationForest anomaly check...
2025-12-04 18:34:49,479 | INFO | anomaly_detector | Running IsolationForest anomaly detection
2025-12-04 18:34:49,617 | INFO | pipeline | Pipeline complete. Summary:
                   issue_type  row_count
0                  duplicates        250
1              missing_values        549
2             invalid_formats        166
3                outliers_iqr         77
4  anomalies_isolation_forest         58
2025-12-04 18:34:49,624 | INFO | pipeline | Building severity report...
2025-12-04 18:34:49,628 | INFO | pipeline | Severity report:
                   issue_type  row_count severity_label  severity_score  total_severity_score
0                  duplicates        250           High               3                   750
1              missing_values        549         Medium               2                  1098
2             invalid_formats        166           High               3                   498
3                outliers_iqr         77         Medium               2                   154
4  anomalies_isolation_forest         58       Critical               4                   232
2025-12-04 18:37:34,549 | INFO | etl | Generating mock claims data: n_rows=2000, dup_fraction=0.05, missing_fraction=0.03, invalid_fraction=0.03
2025-12-04 18:37:34,570 | INFO | etl | Injected 100 duplicate rows
2025-12-04 18:37:34,587 | INFO | etl | Injected ~630 missing cells
2025-12-04 18:37:34,609 | INFO | etl | Raw data saved to C:\Users\tanuj\OneDrive\Desktop\ai-hackathon\output\claims_raw.csv
2025-12-04 18:37:34,610 | INFO | etl | Running basic transforms on dataframe
2025-12-04 18:37:34,636 | INFO | etl | Processed data saved to C:\Users\tanuj\OneDrive\Desktop\ai-hackathon\output\claims_processed.csv
2025-12-04 18:37:34,667 | INFO | pipeline | Running duplicate check...
2025-12-04 18:37:34,667 | INFO | anomaly_detector | Detecting duplicates on subset=['claim_id']
2025-12-04 18:37:34,672 | INFO | pipeline | Running missing value check...
2025-12-04 18:37:34,672 | INFO | anomaly_detector | Detecting missing values
2025-12-04 18:37:34,680 | INFO | pipeline | Running invalid format check...
2025-12-04 18:37:34,681 | INFO | anomaly_detector | Detecting invalid ZIP and DOB formats
2025-12-04 18:37:34,705 | INFO | pipeline | Running IQR outlier check...
2025-12-04 18:37:34,705 | INFO | anomaly_detector | Detecting outliers using IQR
2025-12-04 18:37:34,715 | INFO | pipeline | Running IsolationForest anomaly check...
2025-12-04 18:37:34,716 | INFO | anomaly_detector | Running IsolationForest anomaly detection
2025-12-04 18:37:34,881 | INFO | pipeline | Pipeline complete. Summary:
                   issue_type  row_count
0                  duplicates        250
1              missing_values        549
2             invalid_formats        166
3                outliers_iqr         77
4  anomalies_isolation_forest         58
2025-12-04 18:37:34,888 | INFO | pipeline | Building severity report...
2025-12-04 18:37:34,891 | INFO | pipeline | Severity report:
                   issue_type  row_count severity_label  severity_score  total_severity_score
0                  duplicates        250           High               3                   750
1              missing_values        549         Medium               2                  1098
2             invalid_formats        166           High               3                   498
3                outliers_iqr         77         Medium               2                   154
4  anomalies_isolation_forest         58       Critical               4                   232
2025-12-04 18:42:33,017 | INFO | etl | Generating mock claims data: n_rows=2000, dup_fraction=0.05, missing_fraction=0.03, invalid_fraction=0.03
2025-12-04 18:42:33,028 | INFO | etl | Injected 100 duplicate rows
2025-12-04 18:42:33,041 | INFO | etl | Injected ~630 missing cells
2025-12-04 18:42:33,058 | INFO | etl | Raw data saved to C:\Users\tanuj\OneDrive\Desktop\ai-hackathon\output\claims_raw.csv
2025-12-04 18:42:33,059 | INFO | etl | Running basic transforms on dataframe
2025-12-04 18:42:33,074 | INFO | etl | Processed data saved to C:\Users\tanuj\OneDrive\Desktop\ai-hackathon\output\claims_processed.csv
2025-12-04 18:42:33,093 | INFO | pipeline | Running duplicate check...
2025-12-04 18:42:33,094 | INFO | anomaly_detector | Detecting duplicates on subset=['claim_id']
2025-12-04 18:42:33,099 | INFO | pipeline | Running missing value check...
2025-12-04 18:42:33,100 | INFO | anomaly_detector | Detecting missing values
2025-12-04 18:42:33,110 | INFO | pipeline | Running invalid format check...
2025-12-04 18:42:33,111 | INFO | anomaly_detector | Detecting invalid ZIP and DOB formats
2025-12-04 18:42:33,128 | INFO | pipeline | Running IQR outlier check...
2025-12-04 18:42:33,128 | INFO | anomaly_detector | Detecting outliers using IQR
2025-12-04 18:42:33,134 | INFO | pipeline | Running IsolationForest anomaly check...
2025-12-04 18:42:33,135 | INFO | anomaly_detector | Running IsolationForest anomaly detection
2025-12-04 18:42:33,273 | INFO | pipeline | Pipeline complete. Summary:
                   issue_type  row_count
0                  duplicates        250
1              missing_values        549
2             invalid_formats        166
3                outliers_iqr         77
4  anomalies_isolation_forest         58
2025-12-04 18:42:33,282 | INFO | pipeline | Building severity report...
2025-12-04 18:42:33,285 | INFO | pipeline | Severity report:
                   issue_type  row_count severity_label  severity_score  total_severity_score
0                  duplicates        250           High               3                   750
1              missing_values        549         Medium               2                  1098
2             invalid_formats        166           High               3                   498
3                outliers_iqr         77         Medium               2                   154
4  anomalies_isolation_forest         58       Critical               4                   232
2025-12-04 20:07:27,902 | INFO | etl | Generating mock claims data: n_rows=2000, dup_fraction=0.05, missing_fraction=0.03, invalid_fraction=0.03
2025-12-04 20:07:27,935 | INFO | etl | Injected 100 duplicate rows
2025-12-04 20:07:27,947 | INFO | etl | Injected ~630 missing cells
2025-12-04 20:07:27,976 | INFO | etl | Raw data saved to C:\Users\tanuj\OneDrive\Desktop\ai-hackathon\output\claims_raw.csv
2025-12-04 20:07:27,977 | INFO | etl | Running basic transforms on dataframe
2025-12-04 20:07:27,998 | INFO | etl | Processed data saved to C:\Users\tanuj\OneDrive\Desktop\ai-hackathon\output\claims_processed.csv
2025-12-04 20:07:28,026 | INFO | pipeline | Running duplicate check...
2025-12-04 20:07:28,026 | INFO | anomaly_detector | Detecting duplicates on subset=['claim_id']
2025-12-04 20:07:28,031 | INFO | pipeline | Running missing value check...
2025-12-04 20:07:28,031 | INFO | anomaly_detector | Detecting missing values
2025-12-04 20:07:28,040 | INFO | pipeline | Running invalid format check...
2025-12-04 20:07:28,040 | INFO | anomaly_detector | Detecting invalid ZIP and DOB formats
2025-12-04 20:07:28,064 | INFO | pipeline | Running IQR outlier check...
2025-12-04 20:07:28,065 | INFO | anomaly_detector | Detecting outliers using IQR
2025-12-04 20:07:28,074 | INFO | pipeline | Running IsolationForest anomaly check...
2025-12-04 20:07:28,075 | INFO | anomaly_detector | Running IsolationForest anomaly detection
2025-12-04 20:07:28,217 | INFO | pipeline | Pipeline complete. Summary:
                   issue_type  row_count
0                  duplicates        250
1              missing_values        549
2             invalid_formats        166
3                outliers_iqr         77
4  anomalies_isolation_forest         58
2025-12-04 20:07:28,223 | INFO | pipeline | Building severity report...
2025-12-04 20:07:28,226 | INFO | pipeline | Severity report:
                   issue_type  row_count severity_label  severity_score  total_severity_score
0                  duplicates        250           High               3                   750
1              missing_values        549         Medium               2                  1098
2             invalid_formats        166           High               3                   498
3                outliers_iqr         77         Medium               2                   154
4  anomalies_isolation_forest         58       Critical               4                   232
2025-12-04 20:14:46,026 | INFO | etl | Generating mock claims data: n_rows=2000, dup_fraction=0.05, missing_fraction=0.03, invalid_fraction=0.03
2025-12-04 20:14:46,045 | INFO | etl | Injected 100 duplicate rows
2025-12-04 20:14:46,058 | INFO | etl | Injected ~630 missing cells
2025-12-04 20:14:46,078 | INFO | etl | Raw data saved to C:\Users\tanuj\OneDrive\Desktop\ai-hackathon\output\claims_raw.csv
2025-12-04 20:14:46,079 | INFO | etl | Running basic transforms on dataframe
2025-12-04 20:14:46,103 | INFO | etl | Processed data saved to C:\Users\tanuj\OneDrive\Desktop\ai-hackathon\output\claims_processed.csv
2025-12-04 20:14:46,126 | INFO | pipeline | Running duplicate check...
2025-12-04 20:14:46,126 | INFO | anomaly_detector | Detecting duplicates on subset=['claim_id']
2025-12-04 20:14:46,130 | INFO | pipeline | Running missing value check...
2025-12-04 20:14:46,131 | INFO | anomaly_detector | Detecting missing values
2025-12-04 20:14:46,140 | INFO | pipeline | Running invalid format check...
2025-12-04 20:14:46,141 | INFO | anomaly_detector | Detecting invalid ZIP and DOB formats
2025-12-04 20:14:46,161 | INFO | pipeline | Running IQR outlier check...
2025-12-04 20:14:46,161 | INFO | anomaly_detector | Detecting outliers using IQR
2025-12-04 20:14:46,169 | INFO | pipeline | Running IsolationForest anomaly check...
2025-12-04 20:14:46,169 | INFO | anomaly_detector | Running IsolationForest anomaly detection
2025-12-04 20:14:46,315 | INFO | pipeline | Pipeline complete. Summary:
                   issue_type  row_count
0                  duplicates        250
1              missing_values        549
2             invalid_formats        166
3                outliers_iqr         77
4  anomalies_isolation_forest         58
2025-12-04 20:14:46,322 | INFO | pipeline | Building severity report...
2025-12-04 20:14:46,325 | INFO | pipeline | Severity report:
                   issue_type  row_count severity_label  severity_score  total_severity_score
0                  duplicates        250           High               3                   750
1              missing_values        549         Medium               2                  1098
2             invalid_formats        166           High               3                   498
3                outliers_iqr         77         Medium               2                   154
4  anomalies_isolation_forest         58       Critical               4                   232
2025-12-04 20:48:24,425 | INFO | etl | Generating mock claims data: n_rows=2000, dup_fraction=0.05, missing_fraction=0.03, invalid_fraction=0.03
2025-12-04 20:48:24,467 | INFO | etl | Injected 100 duplicate rows
2025-12-04 20:48:24,479 | INFO | etl | Injected ~630 missing cells
2025-12-04 20:48:24,500 | INFO | etl | Raw data saved to C:\Users\tanuj\OneDrive\Desktop\ai-hackathon\output\claims_raw.csv
2025-12-04 20:48:24,500 | INFO | etl | Running basic transforms on dataframe
2025-12-04 20:48:24,522 | INFO | etl | Processed data saved to C:\Users\tanuj\OneDrive\Desktop\ai-hackathon\output\claims_processed.csv
2025-12-04 20:48:24,542 | INFO | pipeline | Running duplicate check...
2025-12-04 20:48:24,543 | INFO | anomaly_detector | Detecting duplicates on subset=['claim_id']
2025-12-04 20:48:24,548 | INFO | pipeline | Running missing value check...
2025-12-04 20:48:24,548 | INFO | anomaly_detector | Detecting missing values
2025-12-04 20:48:24,557 | INFO | pipeline | Running invalid format check...
2025-12-04 20:48:24,557 | INFO | anomaly_detector | Detecting invalid ZIP and DOB formats
2025-12-04 20:48:24,579 | INFO | pipeline | Running IQR outlier check...
2025-12-04 20:48:24,580 | INFO | anomaly_detector | Detecting outliers using IQR
2025-12-04 20:48:24,587 | INFO | pipeline | Running IsolationForest anomaly check...
2025-12-04 20:48:24,587 | INFO | anomaly_detector | Running IsolationForest anomaly detection
2025-12-04 20:48:24,746 | INFO | pipeline | Pipeline complete. Summary:
                   issue_type  row_count
0                  duplicates        250
1              missing_values        549
2             invalid_formats        166
3                outliers_iqr         77
4  anomalies_isolation_forest         58
2025-12-04 20:48:24,757 | INFO | pipeline | Building severity report...
2025-12-04 20:48:24,762 | INFO | pipeline | Severity report:
                   issue_type  row_count severity_label  severity_score  total_severity_score
0                  duplicates        250           High               3                   750
1              missing_values        549         Medium               2                  1098
2             invalid_formats        166           High               3                   498
3                outliers_iqr         77         Medium               2                   154
4  anomalies_isolation_forest         58       Critical               4                   232
2025-12-04 21:37:53,719 | INFO | etl | Generating mock claims data: n_rows=2000, dup_fraction=0.05, missing_fraction=0.03, invalid_fraction=0.03
2025-12-04 21:37:53,756 | INFO | etl | Injected 100 duplicate rows
2025-12-04 21:37:53,773 | INFO | etl | Injected ~630 missing cells
2025-12-04 21:37:53,821 | INFO | etl | Raw data saved to C:\Users\tanuj\OneDrive\Desktop\ai-hackathon\output\claims_raw.csv
2025-12-04 21:37:53,822 | INFO | etl | Running basic transforms on dataframe
2025-12-04 21:37:53,889 | INFO | etl | Processed data saved to C:\Users\tanuj\OneDrive\Desktop\ai-hackathon\output\claims_processed.csv
2025-12-04 21:37:53,941 | INFO | pipeline | Running duplicate check...
2025-12-04 21:37:53,942 | INFO | anomaly_detector | Detecting duplicates on subset=['claim_id']
2025-12-04 21:37:53,951 | INFO | pipeline | Running missing value check...
2025-12-04 21:37:53,953 | INFO | anomaly_detector | Detecting missing values
2025-12-04 21:37:53,969 | INFO | pipeline | Running invalid format check...
2025-12-04 21:37:53,974 | INFO | anomaly_detector | Detecting invalid ZIP and DOB formats
2025-12-04 21:37:54,054 | INFO | pipeline | Running IQR outlier check...
2025-12-04 21:37:54,058 | INFO | anomaly_detector | Detecting outliers using IQR
2025-12-04 21:37:54,080 | INFO | pipeline | Running IsolationForest anomaly check...
2025-12-04 21:37:54,082 | INFO | anomaly_detector | Running IsolationForest anomaly detection
2025-12-04 21:37:54,338 | INFO | pipeline | Pipeline complete. Summary:
                   issue_type  row_count
0                  duplicates        250
1              missing_values        549
2             invalid_formats        166
3                outliers_iqr         77
4  anomalies_isolation_forest         58
2025-12-04 21:37:54,347 | INFO | pipeline | Building severity report...
2025-12-04 21:37:54,352 | INFO | pipeline | Severity report:
                   issue_type  row_count severity_label  severity_score  total_severity_score
0                  duplicates        250           High               3                   750
1              missing_values        549         Medium               2                  1098
2             invalid_formats        166           High               3                   498
3                outliers_iqr         77         Medium               2                   154
4  anomalies_isolation_forest         58       Critical               4                   232
2025-12-04 21:40:17,294 | INFO | etl | Generating mock claims data: n_rows=2000, dup_fraction=0.05, missing_fraction=0.03, invalid_fraction=0.03
2025-12-04 21:40:17,317 | INFO | etl | Injected 100 duplicate rows
2025-12-04 21:40:17,330 | INFO | etl | Injected ~630 missing cells
2025-12-04 21:40:17,364 | INFO | etl | Raw data saved to C:\Users\tanuj\OneDrive\Desktop\ai-hackathon\output\claims_raw.csv
2025-12-04 21:40:17,366 | INFO | etl | Running basic transforms on dataframe
2025-12-04 21:40:17,399 | INFO | etl | Processed data saved to C:\Users\tanuj\OneDrive\Desktop\ai-hackathon\output\claims_processed.csv
2025-12-04 21:40:17,446 | INFO | pipeline | Running duplicate check...
2025-12-04 21:40:17,448 | INFO | anomaly_detector | Detecting duplicates on subset=['claim_id']
2025-12-04 21:40:17,460 | INFO | pipeline | Running missing value check...
2025-12-04 21:40:17,461 | INFO | anomaly_detector | Detecting missing values
2025-12-04 21:40:17,474 | INFO | pipeline | Running invalid format check...
2025-12-04 21:40:17,475 | INFO | anomaly_detector | Detecting invalid ZIP and DOB formats
2025-12-04 21:40:17,510 | INFO | pipeline | Running IQR outlier check...
2025-12-04 21:40:17,512 | INFO | anomaly_detector | Detecting outliers using IQR
2025-12-04 21:40:17,529 | INFO | pipeline | Running IsolationForest anomaly check...
2025-12-04 21:40:17,531 | INFO | anomaly_detector | Running IsolationForest anomaly detection
2025-12-04 21:40:17,723 | INFO | pipeline | Pipeline complete. Summary:
                   issue_type  row_count
0                  duplicates        250
1              missing_values        549
2             invalid_formats        166
3                outliers_iqr         77
4  anomalies_isolation_forest         58
2025-12-04 21:40:17,730 | INFO | pipeline | Building severity report...
2025-12-04 21:40:17,732 | INFO | pipeline | Severity report:
                   issue_type  row_count severity_label  severity_score  total_severity_score
0                  duplicates        250           High               3                   750
1              missing_values        549         Medium               2                  1098
2             invalid_formats        166           High               3                   498
3                outliers_iqr         77         Medium               2                   154
4  anomalies_isolation_forest         58       Critical               4                   232
2025-12-04 21:43:39,215 | INFO | etl | Generating mock claims data: n_rows=2000, dup_fraction=0.05, missing_fraction=0.03, invalid_fraction=0.03
2025-12-04 21:43:39,231 | INFO | etl | Injected 100 duplicate rows
2025-12-04 21:43:39,248 | INFO | etl | Injected ~630 missing cells
2025-12-04 21:43:39,299 | INFO | etl | Raw data saved to C:\Users\tanuj\OneDrive\Desktop\ai-hackathon\output\claims_raw.csv
2025-12-04 21:43:39,302 | INFO | etl | Running basic transforms on dataframe
2025-12-04 21:43:39,379 | INFO | etl | Processed data saved to C:\Users\tanuj\OneDrive\Desktop\ai-hackathon\output\claims_processed.csv
2025-12-04 21:43:39,418 | INFO | pipeline | Running duplicate check...
2025-12-04 21:43:39,419 | INFO | anomaly_detector | Detecting duplicates on subset=['claim_id']
2025-12-04 21:43:39,428 | INFO | pipeline | Running missing value check...
2025-12-04 21:43:39,429 | INFO | anomaly_detector | Detecting missing values
2025-12-04 21:43:39,446 | INFO | pipeline | Running invalid format check...
2025-12-04 21:43:39,453 | INFO | anomaly_detector | Detecting invalid ZIP and DOB formats
2025-12-04 21:43:39,493 | INFO | pipeline | Running IQR outlier check...
2025-12-04 21:43:39,494 | INFO | anomaly_detector | Detecting outliers using IQR
2025-12-04 21:43:39,509 | INFO | pipeline | Running IsolationForest anomaly check...
2025-12-04 21:43:39,510 | INFO | anomaly_detector | Running IsolationForest anomaly detection
2025-12-04 21:43:39,701 | INFO | pipeline | Pipeline complete. Summary:
                   issue_type  row_count
0                  duplicates        250
1              missing_values        549
2             invalid_formats        166
3                outliers_iqr         77
4  anomalies_isolation_forest         58
2025-12-04 21:43:39,708 | INFO | pipeline | Building severity report...
2025-12-04 21:43:39,710 | INFO | pipeline | Severity report:
                   issue_type  row_count severity_label  severity_score  total_severity_score
0                  duplicates        250           High               3                   750
1              missing_values        549         Medium               2                  1098
2             invalid_formats        166           High               3                   498
3                outliers_iqr         77         Medium               2                   154
4  anomalies_isolation_forest         58       Critical               4                   232
2025-12-05 14:39:05,355 | INFO | etl | Generating mock claims data: n_rows=2000, dup_fraction=0.05, missing_fraction=0.03, invalid_fraction=0.03
2025-12-05 14:39:05,402 | INFO | etl | Injected 100 duplicate rows
2025-12-05 14:39:05,418 | INFO | etl | Injected ~630 missing cells
2025-12-05 14:39:05,455 | INFO | etl | Raw data saved to C:\Users\tanuj\OneDrive\Desktop\ai-hackathon\output\claims_raw.csv
2025-12-05 14:39:05,457 | INFO | etl | Running basic transforms on dataframe
2025-12-05 14:39:05,489 | INFO | etl | Processed data saved to C:\Users\tanuj\OneDrive\Desktop\ai-hackathon\output\claims_processed.csv
2025-12-05 14:39:05,518 | INFO | pipeline | Running duplicate check...
2025-12-05 14:39:05,519 | INFO | anomaly_detector | Detecting duplicates on subset=['claim_id']
2025-12-05 14:39:05,527 | INFO | pipeline | Running missing value check...
2025-12-05 14:39:05,529 | INFO | anomaly_detector | Detecting missing values
2025-12-05 14:39:05,541 | INFO | pipeline | Running invalid format check...
2025-12-05 14:39:05,542 | INFO | anomaly_detector | Detecting invalid ZIP and DOB formats
2025-12-05 14:39:05,567 | INFO | pipeline | Running IQR outlier check...
2025-12-05 14:39:05,568 | INFO | anomaly_detector | Detecting outliers using IQR
2025-12-05 14:39:05,578 | INFO | pipeline | Running IsolationForest anomaly check...
2025-12-05 14:39:05,579 | INFO | anomaly_detector | Running IsolationForest anomaly detection
2025-12-05 14:39:05,757 | INFO | pipeline | Pipeline complete. Summary:
                   issue_type  row_count
0                  duplicates        250
1              missing_values        549
2             invalid_formats        166
3                outliers_iqr         77
4  anomalies_isolation_forest         58
2025-12-05 14:39:05,765 | INFO | pipeline | Building severity report...
2025-12-05 14:39:05,769 | INFO | pipeline | Severity report:
                   issue_type  row_count severity_label  severity_score  total_severity_score
0                  duplicates        250           High               3                   750
1              missing_values        549         Medium               2                  1098
2             invalid_formats        166           High               3                   498
3                outliers_iqr         77         Medium               2                   154
4  anomalies_isolation_forest         58       Critical               4                   232
2025-12-05 15:08:38,573 | INFO | etl | Generating mock claims data: n_rows=2000, dup_fraction=0.05, missing_fraction=0.03, invalid_fraction=0.03
2025-12-05 15:08:38,594 | INFO | etl | Injected 100 duplicate rows
2025-12-05 15:08:38,609 | INFO | etl | Injected ~630 missing cells
2025-12-05 15:08:38,629 | INFO | etl | Raw data saved to C:\Users\tanuj\OneDrive\Desktop\ai-hackathon\output\claims_raw.csv
2025-12-05 15:08:38,630 | INFO | etl | Running basic transforms on dataframe
2025-12-05 15:08:38,651 | INFO | etl | Processed data saved to C:\Users\tanuj\OneDrive\Desktop\ai-hackathon\output\claims_processed.csv
2025-12-05 15:08:38,677 | INFO | pipeline | Running duplicate check...
2025-12-05 15:08:38,678 | INFO | anomaly_detector | Detecting duplicates on subset=['claim_id']
2025-12-05 15:08:38,682 | INFO | pipeline | Running missing value check...
2025-12-05 15:08:38,683 | INFO | anomaly_detector | Detecting missing values
2025-12-05 15:08:38,691 | INFO | pipeline | Running invalid format check...
2025-12-05 15:08:38,691 | INFO | anomaly_detector | Detecting invalid ZIP and DOB formats
2025-12-05 15:08:38,713 | INFO | pipeline | Running IQR outlier check...
2025-12-05 15:08:38,713 | INFO | anomaly_detector | Detecting outliers using IQR
2025-12-05 15:08:38,722 | INFO | pipeline | Running IsolationForest anomaly check...
2025-12-05 15:08:38,722 | INFO | anomaly_detector | Running IsolationForest anomaly detection
2025-12-05 15:08:38,864 | INFO | pipeline | Pipeline complete. Summary:
                   issue_type  row_count
0                  duplicates        250
1              missing_values        549
2             invalid_formats        166
3                outliers_iqr         77
4  anomalies_isolation_forest         58
2025-12-05 15:08:38,873 | INFO | pipeline | Building severity report...
2025-12-05 15:08:38,875 | INFO | pipeline | Severity report:
                   issue_type  row_count severity_label  severity_score  total_severity_score
0                  duplicates        250           High               3                   750
1              missing_values        549         Medium               2                  1098
2             invalid_formats        166           High               3                   498
3                outliers_iqr         77         Medium               2                   154
4  anomalies_isolation_forest         58       Critical               4                   232
2025-12-05 18:15:16,032 | INFO | etl | Generating mock claims data: n_rows=2000, dup_fraction=0.05, missing_fraction=0.03, invalid_fraction=0.03
2025-12-05 18:15:16,062 | INFO | etl | Injected 100 duplicate rows
2025-12-05 18:15:16,075 | INFO | etl | Injected ~630 missing cells
2025-12-05 18:15:16,100 | INFO | etl | Raw data saved to C:\Users\tanuj\OneDrive\Desktop\ai-hackathon\output\claims_raw.csv
2025-12-05 18:15:16,102 | INFO | etl | Running basic transforms on dataframe
2025-12-05 18:15:16,125 | INFO | etl | Processed data saved to C:\Users\tanuj\OneDrive\Desktop\ai-hackathon\output\claims_processed.csv
2025-12-05 18:15:16,147 | INFO | pipeline | Running duplicate check...
2025-12-05 18:15:16,147 | INFO | anomaly_detector | Detecting duplicates on subset=['claim_id']
2025-12-05 18:15:16,152 | INFO | pipeline | Running missing value check...
2025-12-05 18:15:16,153 | INFO | anomaly_detector | Detecting missing values
2025-12-05 18:15:16,164 | INFO | pipeline | Running invalid format check...
2025-12-05 18:15:16,165 | INFO | anomaly_detector | Detecting invalid ZIP and DOB formats
2025-12-05 18:15:16,185 | INFO | pipeline | Running IQR outlier check...
2025-12-05 18:15:16,186 | INFO | anomaly_detector | Detecting outliers using IQR
2025-12-05 18:15:16,194 | INFO | pipeline | Running IsolationForest anomaly check...
2025-12-05 18:15:16,195 | INFO | anomaly_detector | Running IsolationForest anomaly detection
2025-12-05 18:15:16,351 | INFO | pipeline | Pipeline complete. Summary:
                   issue_type  row_count
0                  duplicates        250
1              missing_values        549
2             invalid_formats        166
3                outliers_iqr         77
4  anomalies_isolation_forest         58
2025-12-05 18:15:16,358 | INFO | pipeline | Building severity report...
2025-12-05 18:15:16,361 | INFO | pipeline | Severity report:
                   issue_type  row_count severity_label  severity_score  total_severity_score
0                  duplicates        250           High               3                   750
1              missing_values        549         Medium               2                  1098
2             invalid_formats        166           High               3                   498
3                outliers_iqr         77         Medium               2                   154
4  anomalies_isolation_forest         58       Critical               4                   232
2025-12-05 18:17:03,828 | INFO | etl | Generating mock claims data: n_rows=2000, dup_fraction=0.05, missing_fraction=0.03, invalid_fraction=0.03
2025-12-05 18:17:03,851 | INFO | etl | Injected 100 duplicate rows
2025-12-05 18:17:03,868 | INFO | etl | Injected ~630 missing cells
2025-12-05 18:17:03,888 | INFO | etl | Raw data saved to C:\Users\tanuj\OneDrive\Desktop\ai-hackathon\output\claims_raw.csv
2025-12-05 18:17:03,888 | INFO | etl | Running basic transforms on dataframe
2025-12-05 18:17:03,906 | INFO | etl | Processed data saved to C:\Users\tanuj\OneDrive\Desktop\ai-hackathon\output\claims_processed.csv
2025-12-05 18:17:03,932 | INFO | pipeline | Running duplicate check...
2025-12-05 18:17:03,933 | INFO | anomaly_detector | Detecting duplicates on subset=['claim_id']
2025-12-05 18:17:03,937 | INFO | pipeline | Running missing value check...
2025-12-05 18:17:03,938 | INFO | anomaly_detector | Detecting missing values
2025-12-05 18:17:03,946 | INFO | pipeline | Running invalid format check...
2025-12-05 18:17:03,947 | INFO | anomaly_detector | Detecting invalid ZIP and DOB formats
2025-12-05 18:17:03,967 | INFO | pipeline | Running IQR outlier check...
2025-12-05 18:17:03,969 | INFO | anomaly_detector | Detecting outliers using IQR
2025-12-05 18:17:03,977 | INFO | pipeline | Running IsolationForest anomaly check...
2025-12-05 18:17:03,978 | INFO | anomaly_detector | Running IsolationForest anomaly detection
2025-12-05 18:17:04,177 | INFO | pipeline | Pipeline complete. Summary:
                   issue_type  row_count
0                  duplicates        250
1              missing_values        549
2             invalid_formats        166
3                outliers_iqr         77
4  anomalies_isolation_forest         58
2025-12-05 18:17:04,203 | INFO | pipeline | Building severity report...
2025-12-05 18:17:04,222 | INFO | pipeline | Severity report:
                   issue_type  row_count severity_label  severity_score  total_severity_score
0                  duplicates        250           High               3                   750
1              missing_values        549         Medium               2                  1098
2             invalid_formats        166           High               3                   498
3                outliers_iqr         77         Medium               2                   154
4  anomalies_isolation_forest         58       Critical               4                   232
2025-12-05 18:18:14,848 | INFO | etl | Generating mock claims data: n_rows=2000, dup_fraction=0.05, missing_fraction=0.03, invalid_fraction=0.03
2025-12-05 18:18:14,871 | INFO | etl | Injected 100 duplicate rows
2025-12-05 18:18:14,885 | INFO | etl | Injected ~630 missing cells
2025-12-05 18:18:14,911 | INFO | etl | Raw data saved to C:\Users\tanuj\OneDrive\Desktop\ai-hackathon\output\claims_raw.csv
2025-12-05 18:18:14,913 | INFO | etl | Running basic transforms on dataframe
2025-12-05 18:18:14,934 | INFO | etl | Processed data saved to C:\Users\tanuj\OneDrive\Desktop\ai-hackathon\output\claims_processed.csv
2025-12-05 18:18:14,962 | INFO | pipeline | Running duplicate check...
2025-12-05 18:18:14,963 | INFO | anomaly_detector | Detecting duplicates on subset=['claim_id']
2025-12-05 18:18:14,967 | INFO | pipeline | Running missing value check...
2025-12-05 18:18:14,968 | INFO | anomaly_detector | Detecting missing values
2025-12-05 18:18:14,980 | INFO | pipeline | Running invalid format check...
2025-12-05 18:18:14,981 | INFO | anomaly_detector | Detecting invalid ZIP and DOB formats
2025-12-05 18:18:15,001 | INFO | pipeline | Running IQR outlier check...
2025-12-05 18:18:15,001 | INFO | anomaly_detector | Detecting outliers using IQR
2025-12-05 18:18:15,009 | INFO | pipeline | Running IsolationForest anomaly check...
2025-12-05 18:18:15,010 | INFO | anomaly_detector | Running IsolationForest anomaly detection
2025-12-05 18:18:15,202 | INFO | pipeline | Pipeline complete. Summary:
                   issue_type  row_count
0                  duplicates        250
1              missing_values        549
2             invalid_formats        166
3                outliers_iqr         77
4  anomalies_isolation_forest         58
2025-12-05 18:18:15,210 | INFO | pipeline | Building severity report...
2025-12-05 18:18:15,213 | INFO | pipeline | Severity report:
                   issue_type  row_count severity_label  severity_score  total_severity_score
0                  duplicates        250           High               3                   750
1              missing_values        549         Medium               2                  1098
2             invalid_formats        166           High               3                   498
3                outliers_iqr         77         Medium               2                   154
4  anomalies_isolation_forest         58       Critical               4                   232
2025-12-05 18:19:58,556 | INFO | anomaly_detector | Detecting duplicates on subset=['claim_id']
2025-12-05 18:20:57,629 | INFO | anomaly_detector | Detecting duplicates on subset=['claim_id']
2025-12-05 18:20:57,634 | INFO | anomaly_detector | Detecting missing values
2025-12-05 18:20:57,642 | INFO | anomaly_detector | Detecting invalid ZIP and DOB formats
2025-12-05 18:20:57,661 | INFO | anomaly_detector | Detecting outliers using IQR
2025-12-05 18:20:57,667 | INFO | anomaly_detector | Running IsolationForest anomaly detection
2025-12-05 18:20:57,810 | INFO | pipeline | Summary:
                   issue_type  row_count
0                  duplicates        250
1              missing_values        549
2             invalid_formats        166
3                outliers_iqr         77
4  anomalies_isolation_forest         58
2025-12-05 18:20:57,818 | INFO | pipeline | Severity:
                   issue_type  row_count severity_label  severity_score  total_severity_score
0                  duplicates        250           High               3                   750
1              missing_values        549         Medium               2                  1098
2             invalid_formats        166           High               3                   498
3                outliers_iqr         77         Medium               2                   154
4  anomalies_isolation_forest         58       Critical               4                   232
